g:\projects\visualstudio2022\opengl\opengl\x64\debug\vc143.pdb
g:\projects\visualstudio2022\opengl\opengl\x64\debug\vc143.idb
g:\projects\visualstudio2022\opengl\opengl\x64\debug\glad.obj
g:\projects\visualstudio2022\opengl\opengl\x64\debug\opengl.obj
g:\projects\visualstudio2022\opengl\opengl\x64\debug\shader.obj
g:\projects\visualstudio2022\opengl\opengl\x64\debug\constants.obj
g:\projects\visualstudio2022\opengl\opengl\x64\debug\shader_manager.obj
g:\projects\visualstudio2022\opengl\opengl\x64\debug\texture_manager.obj
g:\projects\visualstudio2022\opengl\opengl\x64\debug\transformations.obj
g:\projects\visualstudio2022\opengl\opengl\x64\debug\coordinate_system.obj
g:\projects\visualstudio2022\opengl\x64\debug\opengl.exe
g:\projects\visualstudio2022\opengl\opengl\x64\debug\opengl.ilk
g:\projects\visualstudio2022\opengl\x64\debug\opengl.pdb
g:\projects\visualstudio2022\opengl\opengl\x64\debug\opengl.res
h:\work_space\opengl\opengl\x64\debug\constants.obj
h:\work_space\opengl\opengl\x64\debug\coordinate_system.obj
h:\work_space\opengl\opengl\x64\debug\first.obj
h:\work_space\opengl\opengl\x64\debug\glad.obj
h:\work_space\opengl\opengl\x64\debug\opengl.obj
h:\work_space\opengl\opengl\x64\debug\shader.obj
h:\work_space\opengl\opengl\x64\debug\shadermgr.obj
h:\work_space\opengl\opengl\x64\debug\shader_manager.obj
h:\work_space\opengl\opengl\x64\debug\texture_manager.obj
h:\work_space\opengl\opengl\x64\debug\transformations.obj
h:\work_space\opengl\opengl\x64\debug\opengl.ilk
h:\work_space\opengl\opengl\x64\debug\opengl.res
h:\work_space\opengl\opengl\x64\debug\vc143.idb
h:\work_space\opengl\opengl\x64\debug\vc143.pdb
h:\work_space\opengl\x64\debug\opengl.pdb
h:\work_space\opengl\x64\debug\opengl.exe
h:\work_space\opengl\opengl\x64\debug\opengl.tlog\cl.command.1.tlog
h:\work_space\opengl\opengl\x64\debug\opengl.tlog\cl.items.tlog
h:\work_space\opengl\opengl\x64\debug\opengl.tlog\cl.read.1.tlog
h:\work_space\opengl\opengl\x64\debug\opengl.tlog\cl.write.1.tlog
h:\work_space\opengl\opengl\x64\debug\opengl.tlog\link.command.1.tlog
h:\work_space\opengl\opengl\x64\debug\opengl.tlog\link.read.1.tlog
h:\work_space\opengl\opengl\x64\debug\opengl.tlog\link.write.1.tlog
h:\work_space\opengl\opengl\x64\debug\opengl.tlog\rc.command.1.tlog
h:\work_space\opengl\opengl\x64\debug\opengl.tlog\rc.read.1.tlog
h:\work_space\opengl\opengl\x64\debug\opengl.tlog\rc.write.1.tlog
